2006.11.16 04:19 B D:\GrowBox\borlndmm.dll <-- freewebtown /GrowBox borlndmm.dll
2006.11.16 04:19 B D:\GrowBox\CSerial.cpp <-- freewebtown /GrowBox CSerial.cpp
2006.11.16 04:19 B D:\GrowBox\CSerial.h <-- freewebtown /GrowBox CSerial.h
2006.11.16 04:19 B D:\GrowBox\GrowBox.aps <-- freewebtown /GrowBox GrowBox.aps
2006.11.16 04:19 B D:\GrowBox\GrowBox.clw <-- freewebtown /GrowBox GrowBox.clw
2006.11.16 04:19 B D:\GrowBox\GrowBox.cpp <-- freewebtown /GrowBox GrowBox.cpp
2006.11.16 04:19 B D:\GrowBox\GrowBox.dsp <-- freewebtown /GrowBox GrowBox.dsp
2006.11.16 04:19 B D:\GrowBox\GrowBox.dsw <-- freewebtown /GrowBox GrowBox.dsw
2006.11.16 04:19 B D:\GrowBox\GrowBox.h <-- freewebtown /GrowBox GrowBox.h
2006.11.16 04:19 B D:\GrowBox\GrowBox.ncb <-- freewebtown /GrowBox GrowBox.ncb
2006.11.16 04:19 B D:\GrowBox\GrowBox.opt <-- freewebtown /GrowBox GrowBox.opt
2006.11.16 04:19 B D:\GrowBox\GrowBox.plg <-- freewebtown /GrowBox GrowBox.plg
2006.11.16 04:19 B D:\GrowBox\GrowBox.rc <-- freewebtown /GrowBox GrowBox.rc
2006.11.16 04:19 B D:\GrowBox\GrowBoxDefines.cpp <-- freewebtown /GrowBox GrowBoxDefines.cpp
2006.11.16 04:19 B D:\GrowBox\GrowBoxDefines.h <-- freewebtown /GrowBox GrowBoxDefines.h
2006.11.16 04:19 B D:\GrowBox\GrowBoxDlg.cpp <-- freewebtown /GrowBox GrowBoxDlg.cpp
2006.11.16 04:19 B D:\GrowBox\GrowBoxDlg.h <-- freewebtown /GrowBox GrowBoxDlg.h
2006.11.16 04:19 B D:\GrowBox\hwinterface.sys <-- freewebtown /GrowBox hwinterface.sys
2006.11.16 04:19 B D:\GrowBox\HygrosenseIF.cpp <-- freewebtown /GrowBox HygrosenseIF.cpp
2006.11.16 04:19 B D:\GrowBox\HygrosenseIF.h <-- freewebtown /GrowBox HygrosenseIF.h
2006.11.16 04:19 B D:\GrowBox\PrintPort32.cpp <-- freewebtown /GrowBox PrintPort32.cpp
2006.11.16 04:19 B D:\GrowBox\PrintPort32.h <-- freewebtown /GrowBox PrintPort32.h
2006.11.16 04:19 B D:\GrowBox\ReadMe.txt <-- freewebtown /GrowBox ReadMe.txt
2006.11.16 04:19 B D:\GrowBox\RelaisController.cpp <-- freewebtown /GrowBox RelaisController.cpp
2006.11.16 04:19 B D:\GrowBox\RelaisController.h <-- freewebtown /GrowBox RelaisController.h
2006.11.16 04:19 B D:\GrowBox\resource.h <-- freewebtown /GrowBox resource.h
2006.11.16 04:19 B D:\GrowBox\resource.hm <-- freewebtown /GrowBox resource.hm
2006.11.16 04:19 B D:\GrowBox\StateClass.cpp <-- freewebtown /GrowBox StateClass.cpp
2006.11.16 04:19 B D:\GrowBox\StateClass.h <-- freewebtown /GrowBox StateClass.h
2006.11.16 04:19 B D:\GrowBox\StdAfx.cpp <-- freewebtown /GrowBox StdAfx.cpp
2006.11.16 04:19 B D:\GrowBox\StdAfx.h <-- freewebtown /GrowBox StdAfx.h
2006.11.16 04:19 B D:\GrowBox\Stdtype.h <-- freewebtown /GrowBox Stdtype.h
2006.11.16 04:19 B D:\GrowBox\TStatechart.h <-- freewebtown /GrowBox TStatechart.h
2006.11.16 04:19 B D:\GrowBox\USB8IO.dll <-- freewebtown /GrowBox USB8IO.dll
2006.11.16 04:19 B D:\GrowBox\USBDLL.CPP <-- freewebtown /GrowBox USBDLL.CPP
2006.11.16 04:19 B D:\GrowBox\USBDLL.H <-- freewebtown /GrowBox USBDLL.H
